Arguments: 
  C:\Program Files\nodejs\node.exe C:\Users\litvi\AppData\Roaming\npm\node_modules\yarn\bin\yarn.js add @symfony/encore

PATH: 
  C:\Program Files\Git\mingw64\bin;C:\Program Files\Git\usr\bin;C:\Users\litvi\bin;C:\Program Files (x86)\Common Files\Oracle\Java\javapath;C:\Program Files\Microsoft MPI\Bin;C:\Python27\Scripts;C:\ProgramData\Boxstarter;C:\Windows\system32;C:\Windows;C:\Windows\System32\Wbem;C:\Windows\System32\WindowsPowerShell\v1.0;C:\Windows\System32\OpenSSH;C:\Program Files (x86)\NVIDIA Corporation\PhysX\Common;C:\ProgramData\chocolatey\bin;C:\Program Files\NVIDIA Corporation\NVIDIA NvDLISR;C:\Users\litvi\Anaconda3;C:\Program Files\Java\jdk1.8.0_241;C:\Program Files\apache-maven-3.6.0\bin;C:\Program Files (x86)\Microsoft Visual Studio\2017\Community\VC\Auxiliary\Build;C:\Program Files\nodejs;C:\WINDOWS\system32;C:\WINDOWS;C:\WINDOWS\System32\Wbem;C:\WINDOWS\System32\WindowsPowerShell\v1.0;C:\WINDOWS\System32\OpenSSH;C:\Program Files\Git\cmd;C:\Program Files\Go\bin;C:\ProgramData\ComposerSetup\bin;C:\Program Files\Symfony;C:\Users\litvi\AppData\Local\Programs\Python\Python38-32\Scripts;C:\Users\litvi\AppData\Local\Programs\Python\Python38-32;C:\Users\litvi\AppData\Local\Microsoft\WindowsApps;C:\Program Files\JetBrains\IntelliJ IDEA Community Edition 2018.3.2\bin;C:\Users\litvi\AppData\Roaming\Microsoft\Windows\Start Menu\Programs\Anaconda3 (64-bit);C:\xampp\php;C:\Program Files\Java\jdk-11.0.1\bin;C:\Program Files\apache-maven-3.6.0\bin;C:\flutter\flutter_windows_v1.0.0-stable\flutter\bin;C:\dart-sdk\bin;C:\Qt\Tools\mingw730_64\bin;C:\Program Files\nodejs;C:\Users\litvi\AppData\Roaming\npm;C:\Users\litvi\AppData\Local\Microsoft\WindowsApps;D:\WindowsPrograms\IntelliJ IDEA 2019.2.4\bin;C:\Program Files\JetBrains\WebStorm 2019.3\bin;C:\Users\litvi\AppData\Local\Programs\Microsoft VS Code\bin;E:\flutter\bin;C:\Users\litvi\go\bin;C:\Program Files\Python27;C:\Users\litvi\AppData\Local\Packages\PythonSoftwareFoundation.Python.3.7_qbz5n2kfra8p0\LocalCache\local-packages\Python37\Scripts;C:\xampp\mysql\bin;C:\Users\litvi\AppData\Roaming\Composer\vendor\bin;C:\Users\litvi\Documents\pandoc-2.9.2.1;C:\Program Files\MiKTeX 2.9\miktex\bin

Yarn version: 
  1.19.1

Node version: 
  10.15.3

Platform: 
  win32 x64

Trace: 
  Error: https://registry.yarnpkg.com/@symfony%2fencore: Not found
      at Request.params.callback [as _callback] (C:\Users\litvi\AppData\Roaming\npm\node_modules\yarn\lib\cli.js:66926:18)
      at Request.self.callback (C:\Users\litvi\AppData\Roaming\npm\node_modules\yarn\lib\cli.js:140564:22)
      at Request.emit (events.js:189:13)
      at Request.<anonymous> (C:\Users\litvi\AppData\Roaming\npm\node_modules\yarn\lib\cli.js:141536:10)
      at Request.emit (events.js:189:13)
      at IncomingMessage.<anonymous> (C:\Users\litvi\AppData\Roaming\npm\node_modules\yarn\lib\cli.js:141458:12)
      at Object.onceWrapper (events.js:277:13)
      at IncomingMessage.emit (events.js:194:15)
      at endReadableNT (_stream_readable.js:1125:12)
      at process._tickCallback (internal/process/next_tick.js:63:19)

npm manifest: 
  {
    "dependencies": {
      "bootstrap": "^4.4.1"
    }
  }

yarn manifest: 
  No manifest

Lockfile: 
  # THIS IS AN AUTOGENERATED FILE. DO NOT EDIT THIS FILE DIRECTLY.
  # yarn lockfile v1
  
  
  bootstrap@^4.4.1:
    version "4.4.1"
    resolved "https://registry.yarnpkg.com/bootstrap/-/bootstrap-4.4.1.tgz#8582960eea0c5cd2bede84d8b0baf3789c3e8b01"
    integrity sha512-tbx5cHubwE6e2ZG7nqM3g/FZ5PQEDMWmMGNrCUBVRPHXTJaH7CBDdsLeu3eCh3B1tzAxTnAbtmrzvWEvT2NNEA==
